<?xml version="1.0" encoding="UTF-8"?>
<!-- Generated by org.testng.reporters.JUnitXMLReporter -->
<testsuite hostname="DESKTOP-06QDCBA" ignored="0" name="HubSpot Feature Testing" tests="3" failures="0" timestamp="27 Nov 2023 14:15:04 GMT" time="28.242" errors="0">
  <testcase name="VerifySignupLink" time="2.745" classname="com.qa.hubspot.tests.LoginTest"/>
  <testcase name="GetTitleTest" time="0.229" classname="com.qa.hubspot.tests.LoginTest"/>
  <testcase name="DOLogin" time="2.461" classname="com.qa.hubspot.tests.LoginTest"/>
</testsuite> <!-- HubSpot Feature Testing -->
