<?xml version="1.0" encoding="UTF-8"?>
<!-- Generated by org.testng.reporters.JUnitXMLReporter -->
<testsuite hostname="DESKTOP-06QDCBA" ignored="0" name="Huxcgdrtdrtdrt" tests="3" failures="1" timestamp="27 Nov 2023 14:15:51 GMT" time="75.128" errors="0">
  <testcase name="verfyHomePageTitle" time="26.829" classname="com.qa.hubspot.tests.HomePageTest"/>
  <testcase name="verfyHomePageHeader" time="0.314" classname="com.qa.hubspot.tests.HomePageTest"/>
  <testcase name="verfyLoggedInAccount" time="20.181" classname="com.qa.hubspot.tests.HomePageTest">
    <failure type="java.lang.NullPointerException">
      <![CDATA[java.lang.NullPointerException
at org.openqa.selenium.support.ui.ExpectedConditions.elementIfVisible(ExpectedConditions.java:314)
at org.openqa.selenium.support.ui.ExpectedConditions.access$000(ExpectedConditions.java:43)
at org.openqa.selenium.support.ui.ExpectedConditions$10.apply(ExpectedConditions.java:300)
at org.openqa.selenium.support.ui.ExpectedConditions$10.apply(ExpectedConditions.java:297)
at org.openqa.selenium.support.ui.FluentWait.until(FluentWait.java:249)
at com.qa.hubspot.utils.ElementUtil.waitforelementtobevisible(ElementUtil.java:150)
at com.qa.hubspot.pages.HomePageClass.doGetLoggedinAccount(HomePageClass.java:55)
at com.qa.hubspot.tests.HomePageTest.verfyLoggedInAccount(HomePageTest.java:55)
at java.util.concurrent.FutureTask.run(FutureTask.java:266)
at java.util.concurrent.ThreadPoolExecutor.runWorker(ThreadPoolExecutor.java:1149)
at java.util.concurrent.ThreadPoolExecutor$Worker.run(ThreadPoolExecutor.java:624)
at java.lang.Thread.run(Thread.java:748)
... Removed 16 stack frames]]>
    </failure>
  </testcase> <!-- verfyLoggedInAccount -->
</testsuite> <!-- Huxcgdrtdrtdrt -->
