<?xml version="1.0" encoding="UTF-8"?>
<testng-results skipped="0" failed="1" ignored="0" total="6" passed="5">
  <reporter-output>
  </reporter-output>
  <suite name="Hub spot Test automtion regression suite" duration-ms="75129" started-at="2023-11-27T14:14:36Z" finished-at="2023-11-27T14:15:51Z">
    <groups>
    </groups>
    <test name="HubSpot Feature Testing" duration-ms="28242" started-at="2023-11-27T14:14:36Z" finished-at="2023-11-27T14:15:04Z">
      <class name="com.qa.hubspot.tests.LoginTest">
        <test-method status="PASS" signature="setup()[pri:0, instance:com.qa.hubspot.tests.LoginTest@10b3df93]" name="setup" is-config="true" duration-ms="18840" started-at="2023-11-27T14:14:36Z" finished-at="2023-11-27T14:14:55Z">
          <reporter-output>
          </reporter-output>
        </test-method> <!-- setup -->
        <test-method status="PASS" signature="VerifySignupLink()[pri:2, instance:com.qa.hubspot.tests.LoginTest@10b3df93]" name="VerifySignupLink" duration-ms="2745" started-at="2023-11-27T14:14:56Z" finished-at="2023-11-27T14:14:58Z">
          <reporter-output>
          </reporter-output>
        </test-method> <!-- VerifySignupLink -->
        <test-method status="PASS" signature="GetTitleTest()[pri:3, instance:com.qa.hubspot.tests.LoginTest@10b3df93]" name="GetTitleTest" duration-ms="229" started-at="2023-11-27T14:15:00Z" finished-at="2023-11-27T14:15:00Z">
          <reporter-output>
          </reporter-output>
        </test-method> <!-- GetTitleTest -->
        <test-method status="PASS" signature="DOLogin()[pri:4, instance:com.qa.hubspot.tests.LoginTest@10b3df93]" name="DOLogin" duration-ms="2461" started-at="2023-11-27T14:15:00Z" finished-at="2023-11-27T14:15:02Z">
          <reporter-output>
          </reporter-output>
        </test-method> <!-- DOLogin -->
        <test-method status="PASS" signature="teardown()[pri:0, instance:com.qa.hubspot.tests.LoginTest@10b3df93]" name="teardown" is-config="true" duration-ms="2140" started-at="2023-11-27T14:15:02Z" finished-at="2023-11-27T14:15:04Z">
          <reporter-output>
          </reporter-output>
        </test-method> <!-- teardown -->
      </class> <!-- com.qa.hubspot.tests.LoginTest -->
    </test> <!-- HubSpot Feature Testing -->
    <test name="Huxcgdrtdrtdrt" duration-ms="75128" started-at="2023-11-27T14:14:36Z" finished-at="2023-11-27T14:15:51Z">
      <class name="com.qa.hubspot.tests.HomePageTest">
        <test-method status="PASS" signature="setup()[pri:0, instance:com.qa.hubspot.tests.HomePageTest@5f577419]" name="setup" is-config="true" duration-ms="18397" started-at="2023-11-27T14:14:36Z" finished-at="2023-11-27T14:14:55Z">
          <reporter-output>
          </reporter-output>
        </test-method> <!-- setup -->
        <test-method status="PASS" signature="setupHomepage()[pri:0, instance:com.qa.hubspot.tests.HomePageTest@5f577419]" name="setupHomepage" is-config="true" duration-ms="7079" started-at="2023-11-27T14:14:55Z" finished-at="2023-11-27T14:15:02Z">
          <reporter-output>
          </reporter-output>
        </test-method> <!-- setupHomepage -->
        <test-method status="PASS" signature="verfyHomePageTitle()[pri:4, instance:com.qa.hubspot.tests.HomePageTest@5f577419]" name="verfyHomePageTitle" duration-ms="26829" started-at="2023-11-27T14:15:02Z" finished-at="2023-11-27T14:15:29Z">
          <reporter-output>
          </reporter-output>
        </test-method> <!-- verfyHomePageTitle -->
        <test-method status="PASS" signature="verfyHomePageHeader()[pri:5, instance:com.qa.hubspot.tests.HomePageTest@5f577419]" name="verfyHomePageHeader" duration-ms="314" started-at="2023-11-27T14:15:29Z" finished-at="2023-11-27T14:15:29Z">
          <reporter-output>
          </reporter-output>
        </test-method> <!-- verfyHomePageHeader -->
        <test-method status="FAIL" signature="verfyLoggedInAccount()[pri:6, instance:com.qa.hubspot.tests.HomePageTest@5f577419]" name="verfyLoggedInAccount" duration-ms="20181" started-at="2023-11-27T14:15:30Z" finished-at="2023-11-27T14:15:50Z">
          <exception class="java.lang.NullPointerException">
            <full-stacktrace>
              <![CDATA[java.lang.NullPointerException
at org.openqa.selenium.support.ui.ExpectedConditions.elementIfVisible(ExpectedConditions.java:314)
at org.openqa.selenium.support.ui.ExpectedConditions.access$000(ExpectedConditions.java:43)
at org.openqa.selenium.support.ui.ExpectedConditions$10.apply(ExpectedConditions.java:300)
at org.openqa.selenium.support.ui.ExpectedConditions$10.apply(ExpectedConditions.java:297)
at org.openqa.selenium.support.ui.FluentWait.until(FluentWait.java:249)
at com.qa.hubspot.utils.ElementUtil.waitforelementtobevisible(ElementUtil.java:150)
at com.qa.hubspot.pages.HomePageClass.doGetLoggedinAccount(HomePageClass.java:55)
at com.qa.hubspot.tests.HomePageTest.verfyLoggedInAccount(HomePageTest.java:55)
at sun.reflect.NativeMethodAccessorImpl.invoke0(Native Method)
at sun.reflect.NativeMethodAccessorImpl.invoke(NativeMethodAccessorImpl.java:62)
at sun.reflect.DelegatingMethodAccessorImpl.invoke(DelegatingMethodAccessorImpl.java:43)
at java.lang.reflect.Method.invoke(Method.java:498)
at org.testng.internal.MethodInvocationHelper.invokeMethod(MethodInvocationHelper.java:124)
at org.testng.internal.Invoker.invokeMethod(Invoker.java:583)
at org.testng.internal.Invoker.invokeTestMethod(Invoker.java:719)
at org.testng.internal.Invoker.invokeTestMethods(Invoker.java:989)
at org.testng.internal.TestMethodWorker.invokeTestMethods(TestMethodWorker.java:125)
at org.testng.internal.TestMethodWorker.run(TestMethodWorker.java:109)
at org.testng.TestRunner.privateRun(TestRunner.java:648)
at org.testng.TestRunner.run(TestRunner.java:505)
at org.testng.SuiteRunner.runTest(SuiteRunner.java:455)
at org.testng.SuiteRunner.access$000(SuiteRunner.java:40)
at org.testng.SuiteRunner$SuiteWorker.run(SuiteRunner.java:489)
at org.testng.internal.thread.ThreadUtil$1.call(ThreadUtil.java:52)
at java.util.concurrent.FutureTask.run(FutureTask.java:266)
at java.util.concurrent.ThreadPoolExecutor.runWorker(ThreadPoolExecutor.java:1149)
at java.util.concurrent.ThreadPoolExecutor$Worker.run(ThreadPoolExecutor.java:624)
at java.lang.Thread.run(Thread.java:748)
]]>
            </full-stacktrace>
          </exception> <!-- java.lang.NullPointerException -->
          <reporter-output>
          </reporter-output>
        </test-method> <!-- verfyLoggedInAccount -->
        <test-method status="PASS" signature="teardown()[pri:0, instance:com.qa.hubspot.tests.HomePageTest@5f577419]" name="teardown" is-config="true" duration-ms="942" started-at="2023-11-27T14:15:50Z" finished-at="2023-11-27T14:15:51Z">
          <reporter-output>
          </reporter-output>
        </test-method> <!-- teardown -->
      </class> <!-- com.qa.hubspot.tests.HomePageTest -->
    </test> <!-- Huxcgdrtdrtdrt -->
  </suite> <!-- Hub spot Test automtion regression suite -->
</testng-results>
