<?xml version="1.0" encoding="UTF-8"?>
<!-- Generated by org.testng.reporters.JUnitXMLReporter -->
<testsuite hostname="DESKTOP-06QDCBA" ignored="0" name="HubSpot Feature Testing" tests="3" failures="0" timestamp="2023-12-03T13:24:02 IST" time="337.823" errors="0">
  <testcase name="VerifySignupLink" time="13.312" classname="com.qa.hubspot.tests.LoginTest"/>
  <testcase name="GetTitleTest" time="1.806" classname="com.qa.hubspot.tests.LoginTest"/>
  <testcase name="DOLogin" time="34.713" classname="com.qa.hubspot.tests.LoginTest"/>
</testsuite> <!-- HubSpot Feature Testing -->
