<?xml version="1.0" encoding="UTF-8"?>
<!-- Generated by org.testng.reporters.JUnitXMLReporter -->
<testsuite hostname="DESKTOP-06QDCBA" ignored="0" name="Huxcgdrtdrtdrt" tests="3" failures="0" timestamp="2024-04-20T14:33:03 IST" time="14.403" errors="0">
  <testcase name="VerifySignupLink" time="0.19" classname="com.qa.hubspot.tests.LoginTest"/>
  <testcase name="GetTitleTest" time="0.119" classname="com.qa.hubspot.tests.LoginTest"/>
  <testcase name="DOLogin" time="0.87" classname="com.qa.hubspot.tests.LoginTest"/>
</testsuite> <!-- Huxcgdrtdrtdrt -->
