<?xml version="1.0" encoding="UTF-8"?>
<!-- Generated by org.testng.reporters.JUnitReportReporter -->
<testsuite skipped="0" hostname="DESKTOP-06QDCBA" name="com.qa.hubspot.tests.LoginTest" tests="3" failures="0" timestamp="27 Nov 2023 14:15:52 GMT" time="5.435" errors="0">
  <testcase name="VerifySignupLink" time="2.745" classname="com.qa.hubspot.tests.LoginTest"/>
  <testcase name="GetTitleTest" time="0.229" classname="com.qa.hubspot.tests.LoginTest"/>
  <testcase name="DOLogin" time="2.461" classname="com.qa.hubspot.tests.LoginTest"/>
</testsuite> <!-- com.qa.hubspot.tests.LoginTest -->
